[2015-09-21 12:44:40] 1 caused by /home/simsu/Other/projects/Web/Lobby/Web/web/includes/src/composer/vendor/klein/klein/src/Klein/Klein.php on line 931 : Uncaught exception 'PDOException' with message 'SQLSTATE[42S02]: Base table or view not found: 1146 Table 'lobbyLocal.users' doesn't exist' in /home/simsu/Other/projects/Web/Lobby/Web/web/contents/modules/admin/class.logsys.php:613
Stack trace:
#0 /home/simsu/Other/projects/Web/Lobby/Web/web/contents/modules/admin/class.logsys.php(613): PDOStatement->execute(Array)
#1 /home/simsu/Other/projects/Web/Lobby/Web/web/contents/modules/admin/module.php(8): Fr\LS::userExists('admin')
#2 /home/simsu/Other/projects/Web/Lobby/Web/web/includes/src/Router.php(20): Lobby\Modules::{closure}(Object(Klein\Request), Object(Klein\Response))
#3 [internal function]: Lobby\Router::Lobby\{closure}(Object(Klein\Request), Object(Klein\Response), Object(Klein\ServiceProvider), Object(Klein\App), Object(Klein\Klein), Object(Klein\DataCollection\RouteCollection), Array)
#4 /home/simsu/Other/projects/Web/Lobby/Web/web/includes/src/composer/vendor/klein/klein/src/Klein/Klein.php(873): call_user_func(Object(Closure), Object(Klein\Request),
[2015-09-21 12:45:47] 1 caused by /home/simsu/Other/projects/Web/Lobby/Web/web/includes/src/composer/vendor/klein/klein/src/Klein/Klein.php on line 931 : Uncaught exception 'PDOException' with message 'SQLSTATE[42S02]: Base table or view not found: 1146 Table 'lobbyLocal.users' doesn't exist' in /home/simsu/Other/projects/Web/Lobby/Web/web/contents/modules/admin/class.logsys.php:613
Stack trace:
#0 /home/simsu/Other/projects/Web/Lobby/Web/web/contents/modules/admin/class.logsys.php(613): PDOStatement->execute(Array)
#1 /home/simsu/Other/projects/Web/Lobby/Web/web/contents/modules/admin/module.php(8): Fr\LS::userExists('admin')
#2 /home/simsu/Other/projects/Web/Lobby/Web/web/includes/src/Router.php(20): Lobby\Modules::{closure}(Object(Klein\Request), Object(Klein\Response))
#3 [internal function]: Lobby\Router::Lobby\{closure}(Object(Klein\Request), Object(Klein\Response), Object(Klein\ServiceProvider), Object(Klein\App), Object(Klein\Klein), Object(Klein\DataCollection\RouteCollection), Array)
#4 /home/simsu/Other/projects/Web/Lobby/Web/web/includes/src/composer/vendor/klein/klein/src/Klein/Klein.php(873): call_user_func(Object(Closure), Object(Klein\Request),
[2015-09-21 12:45:50] 1 caused by /home/simsu/Other/projects/Web/Lobby/Web/web/includes/src/composer/vendor/klein/klein/src/Klein/Klein.php on line 931 : Uncaught exception 'PDOException' with message 'SQLSTATE[42S02]: Base table or view not found: 1146 Table 'lobbyLocal.users' doesn't exist' in /home/simsu/Other/projects/Web/Lobby/Web/web/contents/modules/admin/class.logsys.php:613
Stack trace:
#0 /home/simsu/Other/projects/Web/Lobby/Web/web/contents/modules/admin/class.logsys.php(613): PDOStatement->execute(Array)
#1 /home/simsu/Other/projects/Web/Lobby/Web/web/contents/modules/admin/module.php(8): Fr\LS::userExists('admin')
#2 /home/simsu/Other/projects/Web/Lobby/Web/web/includes/src/Router.php(20): Lobby\Modules::{closure}(Object(Klein\Request), Object(Klein\Response))
#3 [internal function]: Lobby\Router::Lobby\{closure}(Object(Klein\Request), Object(Klein\Response), Object(Klein\ServiceProvider), Object(Klein\App), Object(Klein\Klein), Object(Klein\DataCollection\RouteCollection), Array)
#4 /home/simsu/Other/projects/Web/Lobby/Web/web/includes/src/composer/vendor/klein/klein/src/Klein/Klein.php(873): call_user_func(Object(Closure), Object(Klein\Request),
[2015-09-21 12:45:50] 1 caused by /home/simsu/Other/projects/Web/Lobby/Web/web/includes/src/composer/vendor/klein/klein/src/Klein/Klein.php on line 931 : Uncaught exception 'PDOException' with message 'SQLSTATE[42S02]: Base table or view not found: 1146 Table 'lobbyLocal.users' doesn't exist' in /home/simsu/Other/projects/Web/Lobby/Web/web/contents/modules/admin/class.logsys.php:613
Stack trace:
#0 /home/simsu/Other/projects/Web/Lobby/Web/web/contents/modules/admin/class.logsys.php(613): PDOStatement->execute(Array)
#1 /home/simsu/Other/projects/Web/Lobby/Web/web/contents/modules/admin/module.php(8): Fr\LS::userExists('admin')
#2 /home/simsu/Other/projects/Web/Lobby/Web/web/includes/src/Router.php(20): Lobby\Modules::{closure}(Object(Klein\Request), Object(Klein\Response))
#3 [internal function]: Lobby\Router::Lobby\{closure}(Object(Klein\Request), Object(Klein\Response), Object(Klein\ServiceProvider), Object(Klein\App), Object(Klein\Klein), Object(Klein\DataCollection\RouteCollection), Array)
#4 /home/simsu/Other/projects/Web/Lobby/Web/web/includes/src/composer/vendor/klein/klein/src/Klein/Klein.php(873): call_user_func(Object(Closure), Object(Klein\Request),
[2015-09-21 12:45:56] 8 caused by /home/simsu/Other/projects/Web/Lobby/Web/web/includes/lib/core/Inc/main.php on line 21 : Undefined index: name
[2015-09-21 12:46:26] 8 caused by /home/simsu/Other/projects/Web/Lobby/Web/web/includes/lib/core/Inc/main.php on line 21 : Undefined index: name
[2015-09-21 12:47:25] 1 caused by /home/simsu/Other/projects/Web/Lobby/Web/web/includes/src/Database.php on line 66 : Class 'Fr\LS' not found
[2015-09-21 12:48:09] 1 caused by /home/simsu/Other/projects/Web/Lobby/Web/web/includes/src/Database.php on line 66 : Class 'Fr\LS' not found
[2015-09-21 12:50:21] 1 caused by /home/simsu/Other/projects/Web/Lobby/Web/web/includes/src/Database.php on line 66 : Uncaught exception 'PDOException' with message 'SQLSTATE[42S22]: Column not found: 1054 Unknown column 'uid' in 'where clause'' in /home/simsu/Other/projects/Web/Lobby/Web/web/includes/src/Database.php:66
Stack trace:
#0 /home/simsu/Other/projects/Web/Lobby/Web/web/includes/src/Database.php(66): PDOStatement->execute(Array)
#1 /home/simsu/Other/projects/Web/Lobby/Web/web/includes/functions.php(15): Lobby\DB::getOption('app_updates')
#2 /home/simsu/Other/projects/Web/Lobby/Web/web/includes/init.php(77): getOption('app_updates')
#3 /home/simsu/Other/projects/Web/Lobby/Web/web/includes/load.php(44): require_once('/home/simsu/Oth...')
#4 /home/simsu/Other/projects/Web/Lobby/Web/web/load.php(3): require_once('/home/simsu/Oth...')
#5 /home/simsu/Other/projects/Web/Lobby/Web/web/index.php(2): require_once('/home/simsu/Oth...')
#6 {main}
  thrown
